# JRE version: Java(TM) SE Runtime Environment (13.0.2+8) (build 13.0.2+8)
# Java VM: Java HotSpot(TM) 64-Bit Server VM (13.0.2+8, mixed mode, sharing, tiered, compressed oops, g1 gc, windows-amd64)
Heap:
 garbage-first heap   total 57344K, used 29238K [0x000000009d800000, 0x0000000100000000)
  region size 1024K, 6 young (6144K), 1 survivors (1024K)
 Metaspace       used 24623K, capacity 25380K, committed 25520K, reserved 1071104K
  class space    used 2787K, capacity 3054K, committed 3072K, reserved 1048576K
GC Heap History (18 events):
Event: 0.679 GC heap before
{Heap before GC invocations=0 (full 0):
 garbage-first heap   total 102400K, used 14336K [0x000000009d800000, 0x0000000100000000)
  region size 1024K, 14 young (14336K), 0 survivors (0K)
 Metaspace       used 3846K, capacity 7010K, committed 7296K, reserved 1056768K
  class space    used 459K, capacity 787K, committed 896K, reserved 1048576K
}
Event: 0.691 GC heap after
{Heap after GC invocations=1 (full 0):
 garbage-first heap   total 102400K, used 2960K [0x000000009d800000, 0x0000000100000000)
  region size 1024K, 2 young (2048K), 2 survivors (2048K)
 Metaspace       used 3846K, capacity 7010K, committed 7296K, reserved 1056768K
  class space    used 459K, capacity 787K, committed 896K, reserved 1048576K
}
Event: 2.070 GC heap before
{Heap before GC invocations=1 (full 0):
 garbage-first heap   total 102400K, used 62352K [0x000000009d800000, 0x0000000100000000)
  region size 1024K, 60 young (61440K), 2 survivors (2048K)
 Metaspace       used 12482K, capacity 14346K, committed 14592K, reserved 1062912K
  class space    used 1497K, capacity 1724K, committed 1792K, reserved 1048576K
}
Event: 2.086 GC heap after
{Heap after GC invocations=2 (full 0):
 garbage-first heap   total 102400K, used 6677K [0x000000009d800000, 0x0000000100000000)
  region size 1024K, 6 young (6144K), 6 survivors (6144K)
 Metaspace       used 12482K, capacity 14346K, committed 14592K, reserved 1062912K
  class space    used 1497K, capacity 1724K, committed 1792K, reserved 1048576K
}
Event: 3.330 GC heap before
{Heap before GC invocations=2 (full 0):
 garbage-first heap   total 102400K, used 53781K [0x000000009d800000, 0x0000000100000000)
  region size 1024K, 53 young (54272K), 6 survivors (6144K)
 Metaspace       used 19866K, capacity 21157K, committed 21296K, reserved 1069056K
  class space    used 2370K, capacity 2600K, committed 2688K, reserved 1048576K
}
Event: 3.346 GC heap after
{Heap after GC invocations=3 (full 0):
 garbage-first heap   total 102400K, used 10100K [0x000000009d800000, 0x0000000100000000)
  region size 1024K, 7 young (7168K), 7 survivors (7168K)
 Metaspace       used 19866K, capacity 21157K, committed 21296K, reserved 1069056K
  class space    used 2370K, capacity 2600K, committed 2688K, reserved 1048576K
}
Event: 3.743 GC heap before
{Heap before GC invocations=4 (full 0):
 garbage-first heap   total 37888K, used 24436K [0x000000009d800000, 0x0000000100000000)
  region size 1024K, 22 young (22528K), 7 survivors (7168K)
 Metaspace       used 21735K, capacity 22800K, committed 22960K, reserved 1069056K
  class space    used 2538K, capacity 2787K, committed 2816K, reserved 1048576K
}
Event: 3.771 GC heap after
{Heap after GC invocations=5 (full 0):
 garbage-first heap   total 37888K, used 15179K [0x000000009d800000, 0x0000000100000000)
  region size 1024K, 3 young (3072K), 3 survivors (3072K)
 Metaspace       used 21735K, capacity 22800K, committed 22960K, reserved 1069056K
  class space    used 2538K, capacity 2787K, committed 2816K, reserved 1048576K
}
Event: 3.969 GC heap before
{Heap before GC invocations=5 (full 0):
 garbage-first heap   total 37888K, used 26443K [0x000000009d800000, 0x0000000100000000)
  region size 1024K, 14 young (14336K), 3 survivors (3072K)
 Metaspace       used 22362K, capacity 23154K, committed 23344K, reserved 1069056K
  class space    used 2600K, capacity 2861K, committed 2944K, reserved 1048576K
}
Event: 3.984 GC heap after
{Heap after GC invocations=6 (full 0):
 garbage-first heap   total 47104K, used 17268K [0x000000009d800000, 0x0000000100000000)
  region size 1024K, 2 young (2048K), 2 survivors (2048K)
 Metaspace       used 22362K, capacity 23154K, committed 23344K, reserved 1069056K
  class space    used 2600K, capacity 2861K, committed 2944K, reserved 1048576K
}
Event: 4.051 GC heap before
{Heap before GC invocations=6 (full 0):
 garbage-first heap   total 47104K, used 30580K [0x000000009d800000, 0x0000000100000000)
  region size 1024K, 15 young (15360K), 2 survivors (2048K)
 Metaspace       used 22394K, capacity 23218K, committed 23600K, reserved 1071104K
  class space    used 2601K, capacity 2861K, committed 2944K, reserved 1048576K
}
Event: 4.062 GC heap after
{Heap after GC invocations=7 (full 0):
 garbage-first heap   total 47104K, used 19316K [0x000000009d800000, 0x0000000100000000)
  region size 1024K, 2 young (2048K), 2 survivors (2048K)
 Metaspace       used 22394K, capacity 23218K, committed 23600K, reserved 1071104K
  class space    used 2601K, capacity 2861K, committed 2944K, reserved 1048576K
}
Event: 4.231 GC heap before
{Heap before GC invocations=7 (full 0):
 garbage-first heap   total 47104K, used 31604K [0x000000009d800000, 0x0000000100000000)
  region size 1024K, 14 young (14336K), 2 survivors (2048K)
 Metaspace       used 22725K, capacity 23439K, committed 23600K, reserved 1071104K
  class space    used 2605K, capacity 2864K, committed 2944K, reserved 1048576K
}
Event: 4.242 GC heap after
{Heap after GC invocations=8 (full 0):
 garbage-first heap   total 47104K, used 22309K [0x000000009d800000, 0x0000000100000000)
  region size 1024K, 2 young (2048K), 2 survivors (2048K)
 Metaspace       used 22725K, capacity 23439K, committed 23600K, reserved 1071104K
  class space    used 2605K, capacity 2864K, committed 2944K, reserved 1048576K
}
Event: 5.030 GC heap before
{Heap before GC invocations=8 (full 0):
 garbage-first heap   total 47104K, used 33573K [0x000000009d800000, 0x0000000100000000)
  region size 1024K, 13 young (13312K), 2 survivors (2048K)
 Metaspace       used 23921K, capacity 24594K, committed 24752K, reserved 1071104K
  class space    used 2724K, capacity 2963K, committed 3072K, reserved 1048576K
}
Event: 5.040 GC heap after
{Heap after GC invocations=9 (full 0):
 garbage-first heap   total 47104K, used 24178K [0x000000009d800000, 0x0000000100000000)
  region size 1024K, 2 young (2048K), 2 survivors (2048K)
 Metaspace       used 23921K, capacity 24594K, committed 24752K, reserved 1071104K
  class space    used 2724K, capacity 2963K, committed 3072K, reserved 1048576K
}
Event: 6.137 GC heap before
{Heap before GC invocations=9 (full 0):
 garbage-first heap   total 47104K, used 35442K [0x000000009d800000, 0x0000000100000000)
  region size 1024K, 13 young (13312K), 2 survivors (2048K)
 Metaspace       used 24594K, capacity 25315K, committed 25520K, reserved 1071104K
  class space    used 2787K, capacity 3054K, committed 3072K, reserved 1048576K
}
Event: 6.146 GC heap after
{Heap after GC invocations=10 (full 0):
 garbage-first heap   total 57344K, used 25142K [0x000000009d800000, 0x0000000100000000)
  region size 1024K, 1 young (1024K), 1 survivors (1024K)
 Metaspace       used 24594K, capacity 25315K, committed 25520K, reserved 1071104K
  class space    used 2787K, capacity 3054K, committed 3072K, reserved 1048576K
}

