# JRE version: Java(TM) SE Runtime Environment (13.0.2+8) (build 13.0.2+8)
# Java VM: Java HotSpot(TM) 64-Bit Server VM (13.0.2+8, mixed mode, sharing, tiered, compressed oops, g1 gc, windows-amd64)
Heap:
 garbage-first heap   total 34816K, used 23177K [0x000000009d800000, 0x0000000100000000)
  region size 1024K, 16 young (16384K), 3 survivors (3072K)
 Metaspace       used 21152K, capacity 22390K, committed 22704K, reserved 1069056K
  class space    used 2476K, capacity 2756K, committed 2816K, reserved 1048576K
GC Heap History (7 events):
Event: 0.653 GC heap before
{Heap before GC invocations=0 (full 0):
 garbage-first heap   total 102400K, used 14336K [0x000000009d800000, 0x0000000100000000)
  region size 1024K, 14 young (14336K), 0 survivors (0K)
 Metaspace       used 3859K, capacity 7010K, committed 7296K, reserved 1056768K
  class space    used 459K, capacity 787K, committed 896K, reserved 1048576K
}
Event: 0.661 GC heap after
{Heap after GC invocations=1 (full 0):
 garbage-first heap   total 102400K, used 2966K [0x000000009d800000, 0x0000000100000000)
  region size 1024K, 2 young (2048K), 2 survivors (2048K)
 Metaspace       used 3859K, capacity 7010K, committed 7296K, reserved 1056768K
  class space    used 459K, capacity 787K, committed 896K, reserved 1048576K
}
Event: 2.057 GC heap before
{Heap before GC invocations=1 (full 0):
 garbage-first heap   total 102400K, used 62358K [0x000000009d800000, 0x0000000100000000)
  region size 1024K, 60 young (61440K), 2 survivors (2048K)
 Metaspace       used 12507K, capacity 14346K, committed 14592K, reserved 1062912K
  class space    used 1499K, capacity 1724K, committed 1792K, reserved 1048576K
}
Event: 2.069 GC heap after
{Heap after GC invocations=2 (full 0):
 garbage-first heap   total 102400K, used 6431K [0x000000009d800000, 0x0000000100000000)
  region size 1024K, 6 young (6144K), 6 survivors (6144K)
 Metaspace       used 12507K, capacity 14346K, committed 14592K, reserved 1062912K
  class space    used 1499K, capacity 1724K, committed 1792K, reserved 1048576K
}
Event: 3.487 GC heap before
{Heap before GC invocations=2 (full 0):
 garbage-first heap   total 102400K, used 53535K [0x000000009d800000, 0x0000000100000000)
  region size 1024K, 53 young (54272K), 6 survivors (6144K)
 Metaspace       used 19834K, capacity 21189K, committed 21296K, reserved 1069056K
  class space    used 2374K, capacity 2632K, committed 2688K, reserved 1048576K
}
Event: 3.510 GC heap after
{Heap after GC invocations=3 (full 0):
 garbage-first heap   total 102400K, used 9865K [0x000000009d800000, 0x0000000100000000)
  region size 1024K, 7 young (7168K), 7 survivors (7168K)
 Metaspace       used 19834K, capacity 21189K, committed 21296K, reserved 1069056K
  class space    used 2374K, capacity 2632K, committed 2688K, reserved 1048576K
}
Event: 3.903 GC heap before
{Heap before GC invocations=4 (full 0):
 garbage-first heap   total 34816K, used 22153K [0x000000009d800000, 0x0000000100000000)
  region size 1024K, 20 young (20480K), 7 survivors (7168K)
 Metaspace       used 21152K, capacity 22390K, committed 22704K, reserved 1069056K
  class space    used 2476K, capacity 2756K, committed 2816K, reserved 1048576K
}

