# JRE version: Java(TM) SE Runtime Environment (13.0.2+8) (build 13.0.2+8)
# Java VM: Java HotSpot(TM) 64-Bit Server VM (13.0.2+8, mixed mode, sharing, tiered, compressed oops, g1 gc, windows-amd64)
Heap:
 garbage-first heap   total 61440K, used 41946K [0x000000009d800000, 0x0000000100000000)
  region size 1024K, 17 young (17408K), 2 survivors (2048K)
 Metaspace       used 25975K, capacity 26697K, committed 26928K, reserved 1073152K
  class space    used 2868K, capacity 3148K, committed 3200K, reserved 1048576K
GC Heap History (20 events):
Event: 41.720 GC heap before
{Heap before GC invocations=16 (full 0):
 garbage-first heap   total 50176K, used 34974K [0x000000009d800000, 0x0000000100000000)
  region size 1024K, 10 young (10240K), 1 survivors (1024K)
 Metaspace       used 24847K, capacity 25521K, committed 25776K, reserved 1073152K
  class space    used 2792K, capacity 3057K, committed 3072K, reserved 1048576K
}
Event: 41.722 GC heap after
{Heap after GC invocations=17 (full 0):
 garbage-first heap   total 50176K, used 25829K [0x000000009d800000, 0x0000000100000000)
  region size 1024K, 1 young (1024K), 1 survivors (1024K)
 Metaspace       used 24847K, capacity 25521K, committed 25776K, reserved 1073152K
  class space    used 2792K, capacity 3057K, committed 3072K, reserved 1048576K
}
Event: 54.593 GC heap before
{Heap before GC invocations=18 (full 0):
 garbage-first heap   total 50176K, used 35045K [0x000000009d800000, 0x0000000100000000)
  region size 1024K, 10 young (10240K), 1 survivors (1024K)
 Metaspace       used 25033K, capacity 25719K, committed 25776K, reserved 1073152K
  class space    used 2793K, capacity 3058K, committed 3072K, reserved 1048576K
}
Event: 54.598 GC heap after
{Heap after GC invocations=19 (full 0):
 garbage-first heap   total 50176K, used 26180K [0x000000009d800000, 0x0000000100000000)
  region size 1024K, 1 young (1024K), 1 survivors (1024K)
 Metaspace       used 25033K, capacity 25719K, committed 25776K, reserved 1073152K
  class space    used 2793K, capacity 3058K, committed 3072K, reserved 1048576K
}
Event: 55.526 GC heap before
{Heap before GC invocations=19 (full 0):
 garbage-first heap   total 50176K, used 36420K [0x000000009d800000, 0x0000000100000000)
  region size 1024K, 11 young (11264K), 1 survivors (1024K)
 Metaspace       used 25102K, capacity 25788K, committed 26032K, reserved 1073152K
  class space    used 2793K, capacity 3058K, committed 3072K, reserved 1048576K
}
Event: 55.531 GC heap after
{Heap after GC invocations=20 (full 0):
 garbage-first heap   total 50176K, used 26278K [0x000000009d800000, 0x0000000100000000)
  region size 1024K, 1 young (1024K), 1 survivors (1024K)
 Metaspace       used 25102K, capacity 25788K, committed 26032K, reserved 1073152K
  class space    used 2793K, capacity 3058K, committed 3072K, reserved 1048576K
}
Event: 56.658 GC heap before
{Heap before GC invocations=21 (full 0):
 garbage-first heap   total 50176K, used 36518K [0x000000009d800000, 0x0000000100000000)
  region size 1024K, 11 young (11264K), 1 survivors (1024K)
 Metaspace       used 25476K, capacity 26176K, committed 26416K, reserved 1073152K
  class space    used 2833K, capacity 3101K, committed 3200K, reserved 1048576K
}
Event: 56.664 GC heap after
{Heap after GC invocations=22 (full 0):
 garbage-first heap   total 50176K, used 26508K [0x000000009d800000, 0x0000000100000000)
  region size 1024K, 1 young (1024K), 1 survivors (1024K)
 Metaspace       used 25476K, capacity 26176K, committed 26416K, reserved 1073152K
  class space    used 2833K, capacity 3101K, committed 3200K, reserved 1048576K
}
Event: 58.319 GC heap before
{Heap before GC invocations=22 (full 0):
 garbage-first heap   total 50176K, used 37772K [0x000000009d800000, 0x0000000100000000)
  region size 1024K, 12 young (12288K), 1 survivors (1024K)
 Metaspace       used 25520K, capacity 26247K, committed 26416K, reserved 1073152K
  class space    used 2834K, capacity 3102K, committed 3200K, reserved 1048576K
}
Event: 58.325 GC heap after
{Heap after GC invocations=23 (full 0):
 garbage-first heap   total 50176K, used 26755K [0x000000009d800000, 0x0000000100000000)
  region size 1024K, 2 young (2048K), 2 survivors (2048K)
 Metaspace       used 25520K, capacity 26247K, committed 26416K, reserved 1073152K
  class space    used 2834K, capacity 3102K, committed 3200K, reserved 1048576K
}
Event: 58.421 GC heap before
{Heap before GC invocations=23 (full 0):
 garbage-first heap   total 61440K, used 36995K [0x000000009d800000, 0x0000000100000000)
  region size 1024K, 12 young (12288K), 2 survivors (2048K)
 Metaspace       used 25533K, capacity 26249K, committed 26416K, reserved 1073152K
  class space    used 2834K, capacity 3102K, committed 3200K, reserved 1048576K
}
Event: 58.431 GC heap after
{Heap after GC invocations=24 (full 0):
 garbage-first heap   total 61440K, used 27732K [0x000000009d800000, 0x0000000100000000)
  region size 1024K, 2 young (2048K), 2 survivors (2048K)
 Metaspace       used 25533K, capacity 26249K, committed 26416K, reserved 1073152K
  class space    used 2834K, capacity 3102K, committed 3200K, reserved 1048576K
}
Event: 58.507 GC heap before
{Heap before GC invocations=25 (full 0):
 garbage-first heap   total 61440K, used 43092K [0x000000009d800000, 0x0000000100000000)
  region size 1024K, 17 young (17408K), 2 survivors (2048K)
 Metaspace       used 25536K, capacity 26249K, committed 26416K, reserved 1073152K
  class space    used 2834K, capacity 3102K, committed 3200K, reserved 1048576K
}
Event: 58.513 GC heap after
{Heap after GC invocations=26 (full 0):
 garbage-first heap   total 61440K, used 27699K [0x000000009d800000, 0x0000000100000000)
  region size 1024K, 2 young (2048K), 2 survivors (2048K)
 Metaspace       used 25536K, capacity 26249K, committed 26416K, reserved 1073152K
  class space    used 2834K, capacity 3102K, committed 3200K, reserved 1048576K
}
Event: 58.577 GC heap before
{Heap before GC invocations=26 (full 0):
 garbage-first heap   total 61440K, used 43059K [0x000000009d800000, 0x0000000100000000)
  region size 1024K, 17 young (17408K), 2 survivors (2048K)
 Metaspace       used 25537K, capacity 26249K, committed 26416K, reserved 1073152K
  class space    used 2834K, capacity 3102K, committed 3200K, reserved 1048576K
}
Event: 58.580 GC heap after
{Heap after GC invocations=27 (full 0):
 garbage-first heap   total 61440K, used 27193K [0x000000009d800000, 0x0000000100000000)
  region size 1024K, 1 young (1024K), 1 survivors (1024K)
 Metaspace       used 25537K, capacity 26249K, committed 26416K, reserved 1073152K
  class space    used 2834K, capacity 3102K, committed 3200K, reserved 1048576K
}
Event: 63.280 GC heap before
{Heap before GC invocations=27 (full 0):
 garbage-first heap   total 61440K, used 43577K [0x000000009d800000, 0x0000000100000000)
  region size 1024K, 17 young (17408K), 1 survivors (1024K)
 Metaspace       used 25586K, capacity 26267K, committed 26416K, reserved 1073152K
  class space    used 2840K, capacity 3108K, committed 3200K, reserved 1048576K
}
Event: 63.288 GC heap after
{Heap after GC invocations=28 (full 0):
 garbage-first heap   total 61440K, used 27301K [0x000000009d800000, 0x0000000100000000)
  region size 1024K, 2 young (2048K), 2 survivors (2048K)
 Metaspace       used 25586K, capacity 26267K, committed 26416K, reserved 1073152K
  class space    used 2840K, capacity 3108K, committed 3200K, reserved 1048576K
}
Event: 63.634 GC heap before
{Heap before GC invocations=28 (full 0):
 garbage-first heap   total 61440K, used 44709K [0x000000009d800000, 0x0000000100000000)
  region size 1024K, 19 young (19456K), 2 survivors (2048K)
 Metaspace       used 25643K, capacity 26333K, committed 26672K, reserved 1073152K
  class space    used 2840K, capacity 3108K, committed 3200K, reserved 1048576K
}
Event: 63.640 GC heap after
{Heap after GC invocations=29 (full 0):
 garbage-first heap   total 61440K, used 27610K [0x000000009d800000, 0x0000000100000000)
  region size 1024K, 2 young (2048K), 2 survivors (2048K)
 Metaspace       used 25643K, capacity 26333K, committed 26672K, reserved 1073152K
  class space    used 2840K, capacity 3108K, committed 3200K, reserved 1048576K
}

